<?xml version="1.0" encoding="UTF-8"?>
<testng-results skipped="0" failed="0" total="1" passed="1">
  <reporter-output>
  </reporter-output>
  <suite name="Suite" duration-ms="281" started-at="2021-12-15T06:18:07Z" finished-at="2021-12-15T06:18:07Z">
    <groups>
    </groups>
    <test name="Test" duration-ms="281" started-at="2021-12-15T06:18:07Z" finished-at="2021-12-15T06:18:07Z">
      <class name="com.login.TestNG">
        <test-method status="PASS" signature="beforeClass()[pri:0, instance:com.login.TestNG@28d25987]" name="beforeClass" is-config="true" duration-ms="47" started-at="2021-12-15T11:48:07Z" finished-at="2021-12-15T11:48:07Z">
          <reporter-output>
          </reporter-output>
        </test-method> <!-- beforeClass -->
        <test-method status="PASS" signature="beforeMethod()[pri:0, instance:com.login.TestNG@28d25987]" name="beforeMethod" is-config="true" duration-ms="0" started-at="2021-12-15T11:48:07Z" finished-at="2021-12-15T11:48:07Z">
          <reporter-output>
          </reporter-output>
        </test-method> <!-- beforeMethod -->
        <test-method status="PASS" signature="login()[pri:0, instance:com.login.TestNG@28d25987]" name="login" duration-ms="93" started-at="2021-12-15T11:48:07Z" finished-at="2021-12-15T11:48:07Z">
          <reporter-output>
          </reporter-output>
        </test-method> <!-- login -->
        <test-method status="PASS" signature="afterMethod()[pri:0, instance:com.login.TestNG@28d25987]" name="afterMethod" is-config="true" duration-ms="0" started-at="2021-12-15T11:48:07Z" finished-at="2021-12-15T11:48:07Z">
          <reporter-output>
          </reporter-output>
        </test-method> <!-- afterMethod -->
        <test-method status="PASS" signature="afterClass()[pri:0, instance:com.login.TestNG@28d25987]" name="afterClass" is-config="true" duration-ms="0" started-at="2021-12-15T11:48:07Z" finished-at="2021-12-15T11:48:07Z">
          <reporter-output>
          </reporter-output>
        </test-method> <!-- afterClass -->
      </class> <!-- com.login.TestNG -->
    </test> <!-- Test -->
  </suite> <!-- Suite -->
</testng-results>
